# JRE version: Java(TM) SE Runtime Environment (21.0.10+8) (build 21.0.10+8-LTS-217)
# Java VM: Java HotSpot(TM) 64-Bit Server VM (21.0.10+8-LTS-217, mixed mode, sharing, tiered, compressed oops, compressed class ptrs, g1 gc, windows-amd64)
GC Precious Log:
 CardTable entry size: 512
 Card Set container configuration: InlinePtr #cards 5 size 8 Array Of Cards #cards 12 size 40 Howl #buckets 4 coarsen threshold 1843 Howl Bitmap #cards 512 size 80 coarsen threshold 460 Card regions per heap region 1 cards per card region 2048
 CPUs: 16 total, 16 available
 Memory: 7906M
 Large Page Support: Disabled
 NUMA Support: Disabled
 Compressed Oops: Enabled (32-bit)
 Heap Region Size: 1M
 Heap Min Capacity: 256M
 Heap Initial Capacity: 256M
 Heap Max Capacity: 512M
 Pre-touch: Disabled
 Parallel Workers: 13
 Concurrent Workers: 3
 Concurrent Refinement Workers: 13
 Periodic GC: Disabled
Heap:
 garbage-first heap   total 262144K, used 169864K [0x00000000e0000000, 0x0000000100000000)
  region size 1024K, 146 young (149504K), 9 survivors (9216K)
 Metaspace       used 49582K, committed 51520K, reserved 393216K
  class space    used 7221K, committed 8192K, reserved 327680K
GC Heap History (14 events):
Event: 0.453 GC heap before
{Heap before GC invocations=0 (full 0):
 garbage-first heap   total 262144K, used 27648K [0x00000000e0000000, 0x0000000100000000)
  region size 1024K, 23 young (23552K), 0 survivors (0K)
 Metaspace       used 3014K, committed 3136K, reserved 393216K
  class space    used 340K, committed 384K, reserved 327680K
}
Event: 0.456 GC heap after
{Heap after GC invocations=1 (full 0):
 garbage-first heap   total 262144K, used 11116K [0x00000000e0000000, 0x0000000100000000)
  region size 1024K, 3 young (3072K), 3 survivors (3072K)
 Metaspace       used 3014K, committed 3136K, reserved 393216K
  class space    used 340K, committed 384K, reserved 327680K
}
Event: 0.755 GC heap before
{Heap before GC invocations=1 (full 0):
 garbage-first heap   total 262144K, used 41836K [0x00000000e0000000, 0x0000000100000000)
  region size 1024K, 31 young (31744K), 3 survivors (3072K)
 Metaspace       used 4782K, committed 4992K, reserved 393216K
  class space    used 578K, committed 704K, reserved 327680K
}
Event: 0.759 GC heap after
{Heap after GC invocations=2 (full 0):
 garbage-first heap   total 262144K, used 15804K [0x00000000e0000000, 0x0000000100000000)
  region size 1024K, 4 young (4096K), 4 survivors (4096K)
 Metaspace       used 4782K, committed 4992K, reserved 393216K
  class space    used 578K, committed 704K, reserved 327680K
}
Event: 2.280 GC heap before
{Heap before GC invocations=2 (full 0):
 garbage-first heap   total 262144K, used 107964K [0x00000000e0000000, 0x0000000100000000)
  region size 1024K, 94 young (96256K), 4 survivors (4096K)
 Metaspace       used 19103K, committed 19712K, reserved 393216K
  class space    used 2598K, committed 2880K, reserved 327680K
}
Event: 2.288 GC heap after
{Heap after GC invocations=3 (full 0):
 garbage-first heap   total 262144K, used 23669K [0x00000000e0000000, 0x0000000100000000)
  region size 1024K, 12 young (12288K), 12 survivors (12288K)
 Metaspace       used 19103K, committed 19712K, reserved 393216K
  class space    used 2598K, committed 2880K, reserved 327680K
}
Event: 2.401 GC heap before
{Heap before GC invocations=3 (full 0):
 garbage-first heap   total 262144K, used 34933K [0x00000000e0000000, 0x0000000100000000)
  region size 1024K, 22 young (22528K), 12 survivors (12288K)
 Metaspace       used 20881K, committed 21504K, reserved 393216K
  class space    used 2769K, committed 3072K, reserved 327680K
}
Event: 2.407 GC heap after
{Heap after GC invocations=4 (full 0):
 garbage-first heap   total 262144K, used 25479K [0x00000000e0000000, 0x0000000100000000)
  region size 1024K, 9 young (9216K), 9 survivors (9216K)
 Metaspace       used 20881K, committed 21504K, reserved 393216K
  class space    used 2769K, committed 3072K, reserved 327680K
}
Event: 3.658 GC heap before
{Heap before GC invocations=5 (full 0):
 garbage-first heap   total 262144K, used 126855K [0x00000000e0000000, 0x0000000100000000)
  region size 1024K, 110 young (112640K), 9 survivors (9216K)
 Metaspace       used 34739K, committed 36096K, reserved 393216K
  class space    used 4815K, committed 5504K, reserved 327680K
}
Event: 3.666 GC heap after
{Heap after GC invocations=6 (full 0):
 garbage-first heap   total 262144K, used 30743K [0x00000000e0000000, 0x0000000100000000)
  region size 1024K, 15 young (15360K), 15 survivors (15360K)
 Metaspace       used 34739K, committed 36096K, reserved 393216K
  class space    used 4815K, committed 5504K, reserved 327680K
}
Event: 3.696 GC heap before
{Heap before GC invocations=6 (full 0):
 garbage-first heap   total 262144K, used 32791K [0x00000000e0000000, 0x0000000100000000)
  region size 1024K, 18 young (18432K), 15 survivors (15360K)
 Metaspace       used 35128K, committed 36416K, reserved 393216K
  class space    used 4870K, committed 5504K, reserved 327680K
}
Event: 3.702 GC heap after
{Heap after GC invocations=7 (full 0):
 garbage-first heap   total 262144K, used 31133K [0x00000000e0000000, 0x0000000100000000)
  region size 1024K, 8 young (8192K), 8 survivors (8192K)
 Metaspace       used 35128K, committed 36416K, reserved 393216K
  class space    used 4870K, committed 5504K, reserved 327680K
}
Event: 3.727 GC heap before
{Heap before GC invocations=7 (full 0):
 garbage-first heap   total 262144K, used 32157K [0x00000000e0000000, 0x0000000100000000)
  region size 1024K, 10 young (10240K), 8 survivors (8192K)
 Metaspace       used 35442K, committed 36736K, reserved 393216K
  class space    used 4918K, committed 5568K, reserved 327680K
}
Event: 3.731 GC heap after
{Heap after GC invocations=8 (full 0):
 garbage-first heap   total 262144K, used 31624K [0x00000000e0000000, 0x0000000100000000)
  region size 1024K, 9 young (9216K), 9 survivors (9216K)
 Metaspace       used 35442K, committed 36736K, reserved 393216K
  class space    used 4918K, committed 5568K, reserved 327680K
}

